Project migration to XML Schema (XSD) version 124 is completed.
Project migration to XML Schema (XSD) version 125 is completed.
Project migration to XML Schema (XSD) version 126 is completed.
Project migration to XML Schema (XSD) version 127 is completed.
Project migration to XML Schema (XSD) version 128 is completed.
Project migration to XML Schema (XSD) version 129 is completed.
Project migration to XML Schema (XSD) version 130 is completed.
Project migration to XML Schema (XSD) version 131 is completed.
The file 'C:\Users\levin\Documents\Unity Projects\Good-Luck-Valley\Good Luck Valley\Good Luck Valley_WwiseProject\Actor-Mixer Hierarchy\AMBIENCE.wwu' was moved during the migration of your project. If your project is under source control the file has been marked for move, remember to commit the change.
The file 'C:\Users\levin\Documents\Unity Projects\Good-Luck-Valley\Good Luck Valley\Good Luck Valley_WwiseProject\Actor-Mixer Hierarchy\AMBIENCE_ONESHOTS.wwu' was moved during the migration of your project. If your project is under source control the file has been marked for move, remember to commit the change.
The file 'C:\Users\levin\Documents\Unity Projects\Good-Luck-Valley\Good Luck Valley\Good Luck Valley_WwiseProject\Actor-Mixer Hierarchy\CINEMATICS.wwu' was moved during the migration of your project. If your project is under source control the file has been marked for move, remember to commit the change.
The file 'C:\Users\levin\Documents\Unity Projects\Good-Luck-Valley\Good Luck Valley\Good Luck Valley_WwiseProject\Actor-Mixer Hierarchy\Default Work Unit.wwu' was moved during the migration of your project. If your project is under source control the file has been marked for move, remember to commit the change.
The file 'C:\Users\levin\Documents\Unity Projects\Good-Luck-Valley\Good Luck Valley\Good Luck Valley_WwiseProject\Actor-Mixer Hierarchy\FIREFLIES.wwu' was moved during the migration of your project. If your project is under source control the file has been marked for move, remember to commit the change.
The file 'C:\Users\levin\Documents\Unity Projects\Good-Luck-Valley\Good Luck Valley\Good Luck Valley_WwiseProject\Actor-Mixer Hierarchy\JOURNAL.wwu' was moved during the migration of your project. If your project is under source control the file has been marked for move, remember to commit the change.
The file 'C:\Users\levin\Documents\Unity Projects\Good-Luck-Valley\Good Luck Valley\Good Luck Valley_WwiseProject\Actor-Mixer Hierarchy\L1.wwu' was moved during the migration of your project. If your project is under source control the file has been marked for move, remember to commit the change.
The file 'C:\Users\levin\Documents\Unity Projects\Good-Luck-Valley\Good Luck Valley\Good Luck Valley_WwiseProject\Actor-Mixer Hierarchy\LOTUS.wwu' was moved during the migration of your project. If your project is under source control the file has been marked for move, remember to commit the change.
The file 'C:\Users\levin\Documents\Unity Projects\Good-Luck-Valley\Good Luck Valley\Good Luck Valley_WwiseProject\Actor-Mixer Hierarchy\MUSHROOM.wwu' was moved during the migration of your project. If your project is under source control the file has been marked for move, remember to commit the change.
The file 'C:\Users\levin\Documents\Unity Projects\Good-Luck-Valley\Good Luck Valley\Good Luck Valley_WwiseProject\Actor-Mixer Hierarchy\MUSHROOM_BOUNCE.wwu' was moved during the migration of your project. If your project is under source control the file has been marked for move, remember to commit the change.
The file 'C:\Users\levin\Documents\Unity Projects\Good-Luck-Valley\Good Luck Valley\Good Luck Valley_WwiseProject\Actor-Mixer Hierarchy\MUSHROOM_DISSIPATE.wwu' was moved during the migration of your project. If your project is under source control the file has been marked for move, remember to commit the change.
The file 'C:\Users\levin\Documents\Unity Projects\Good-Luck-Valley\Good Luck Valley\Good Luck Valley_WwiseProject\Actor-Mixer Hierarchy\MUSHROOM_GROW.wwu' was moved during the migration of your project. If your project is under source control the file has been marked for move, remember to commit the change.
The file 'C:\Users\levin\Documents\Unity Projects\Good-Luck-Valley\Good Luck Valley\Good Luck Valley_WwiseProject\Actor-Mixer Hierarchy\MUSHROOM_PICKUP.wwu' was moved during the migration of your project. If your project is under source control the file has been marked for move, remember to commit the change.
The file 'C:\Users\levin\Documents\Unity Projects\Good-Luck-Valley\Good Luck Valley\Good Luck Valley_WwiseProject\Actor-Mixer Hierarchy\PLAYER.wwu' was moved during the migration of your project. If your project is under source control the file has been marked for move, remember to commit the change.
The file 'C:\Users\levin\Documents\Unity Projects\Good-Luck-Valley\Good Luck Valley\Good Luck Valley_WwiseProject\Actor-Mixer Hierarchy\PLAYER_DOUBLE_JUMP.wwu' was moved during the migration of your project. If your project is under source control the file has been marked for move, remember to commit the change.
The file 'C:\Users\levin\Documents\Unity Projects\Good-Luck-Valley\Good Luck Valley\Good Luck Valley_WwiseProject\Actor-Mixer Hierarchy\PLAYER_FALL.wwu' was moved during the migration of your project. If your project is under source control the file has been marked for move, remember to commit the change.
The file 'C:\Users\levin\Documents\Unity Projects\Good-Luck-Valley\Good Luck Valley\Good Luck Valley_WwiseProject\Actor-Mixer Hierarchy\PLAYER_JUMP.wwu' was moved during the migration of your project. If your project is under source control the file has been marked for move, remember to commit the change.
The file 'C:\Users\levin\Documents\Unity Projects\Good-Luck-Valley\Good Luck Valley\Good Luck Valley_WwiseProject\Actor-Mixer Hierarchy\PLAYER_LAND.wwu' was moved during the migration of your project. If your project is under source control the file has been marked for move, remember to commit the change.
The file 'C:\Users\levin\Documents\Unity Projects\Good-Luck-Valley\Good Luck Valley\Good Luck Valley_WwiseProject\Actor-Mixer Hierarchy\PLAYER_LOCOMOTION.wwu' was moved during the migration of your project. If your project is under source control the file has been marked for move, remember to commit the change.
The file 'C:\Users\levin\Documents\Unity Projects\Good-Luck-Valley\Good Luck Valley\Good Luck Valley_WwiseProject\Actor-Mixer Hierarchy\PLAYER_WALLSLIDE.wwu' was moved during the migration of your project. If your project is under source control the file has been marked for move, remember to commit the change.
The file 'C:\Users\levin\Documents\Unity Projects\Good-Luck-Valley\Good Luck Valley\Good Luck Valley_WwiseProject\Actor-Mixer Hierarchy\POTENTIATES.wwu' was moved during the migration of your project. If your project is under source control the file has been marked for move, remember to commit the change.
The file 'C:\Users\levin\Documents\Unity Projects\Good-Luck-Valley\Good Luck Valley\Good Luck Valley_WwiseProject\Actor-Mixer Hierarchy\TEST_FILES.wwu' was moved during the migration of your project. If your project is under source control the file has been marked for move, remember to commit the change.
The file 'C:\Users\levin\Documents\Unity Projects\Good-Luck-Valley\Good Luck Valley\Good Luck Valley_WwiseProject\Actor-Mixer Hierarchy\THUNDER.wwu' was moved during the migration of your project. If your project is under source control the file has been marked for move, remember to commit the change.
The file 'C:\Users\levin\Documents\Unity Projects\Good-Luck-Valley\Good Luck Valley\Good Luck Valley_WwiseProject\Actor-Mixer Hierarchy\UI.wwu' was moved during the migration of your project. If your project is under source control the file has been marked for move, remember to commit the change.
The file 'C:\Users\levin\Documents\Unity Projects\Good-Luck-Valley\Good Luck Valley\Good Luck Valley_WwiseProject\Actor-Mixer Hierarchy\UI_BUTTON.wwu' was moved during the migration of your project. If your project is under source control the file has been marked for move, remember to commit the change.
The file 'C:\Users\levin\Documents\Unity Projects\Good-Luck-Valley\Good Luck Valley\Good Luck Valley_WwiseProject\Actor-Mixer Hierarchy\UI_NAVIGATION.wwu' was moved during the migration of your project. If your project is under source control the file has been marked for move, remember to commit the change.
The file 'C:\Users\levin\Documents\Unity Projects\Good-Luck-Valley\Good Luck Valley\Good Luck Valley_WwiseProject\Actor-Mixer Hierarchy\UI_SLIDER.wwu' was moved during the migration of your project. If your project is under source control the file has been marked for move, remember to commit the change.
The file 'C:\Users\levin\Documents\Unity Projects\Good-Luck-Valley\Good Luck Valley\Good Luck Valley_WwiseProject\Actor-Mixer Hierarchy\UI_TOGGLE.wwu' was moved during the migration of your project. If your project is under source control the file has been marked for move, remember to commit the change.
The file 'C:\Users\levin\Documents\Unity Projects\Good-Luck-Valley\Good Luck Valley\Good Luck Valley_WwiseProject\Audio Devices\Default Work Unit.wwu' was moved during the migration of your project. If your project is under source control the file has been marked for move, remember to commit the change.
The file 'C:\Users\levin\Documents\Unity Projects\Good-Luck-Valley\Good Luck Valley\Good Luck Valley_WwiseProject\Interactive Music Hierarchy\Default Work Unit.wwu' was moved during the migration of your project. If your project is under source control the file has been marked for move, remember to commit the change.
The file 'C:\Users\levin\Documents\Unity Projects\Good-Luck-Valley\Good Luck Valley\Good Luck Valley_WwiseProject\Interactive Music Hierarchy\FOREST_LIKEPETALSWEFLOAT_TRANSITIONS.wwu' was moved during the migration of your project. If your project is under source control the file has been marked for move, remember to commit the change.
The file 'C:\Users\levin\Documents\Unity Projects\Good-Luck-Valley\Good Luck Valley\Good Luck Valley_WwiseProject\Master-Mixer Hierarchy\Default Work Unit.wwu' was moved during the migration of your project. If your project is under source control the file has been marked for move, remember to commit the change.
The file 'C:\Users\levin\Documents\Unity Projects\Good-Luck-Valley\Good Luck Valley\Good Luck Valley_WwiseProject\Master-Mixer Hierarchy' was deleted during the migration of your project. If your project is under source control the file has been marked for delete, remember to commit the change.
The file 'C:\Users\levin\Documents\Unity Projects\Good-Luck-Valley\Good Luck Valley\Good Luck Valley_WwiseProject\Interactive Music Hierarchy' was deleted during the migration of your project. If your project is under source control the file has been marked for delete, remember to commit the change.
The file 'C:\Users\levin\Documents\Unity Projects\Good-Luck-Valley\Good Luck Valley\Good Luck Valley_WwiseProject\Audio Devices' was deleted during the migration of your project. If your project is under source control the file has been marked for delete, remember to commit the change.
The file 'C:\Users\levin\Documents\Unity Projects\Good-Luck-Valley\Good Luck Valley\Good Luck Valley_WwiseProject\Actor-Mixer Hierarchy' was deleted during the migration of your project. If your project is under source control the file has been marked for delete, remember to commit the change.
Some new object properties have been added or obsolete properties deleted. The project file was updated. These changes will not have an impact on your project.
